<?xml version="1.0"?>
<testsuites>
  <testsuite name="PhantomJS 1.7 (Windows)" package="" timestamp="2013-06-03T01:10:11" id="0" hostname="SYDD31174" tests="18" errors="0" failures="0" time="0.126">
    <properties>
      <property name="browser.fullName" value="Mozilla/5.0 (Windows NT 5.1) AppleWebKit/534.34 (KHTML, like Gecko) PhantomJS/1.7.0 Safari/534.34"/>
    </properties>
    <testcase name="should be registered" time="0.008" classname="PhantomJS 1.7 (Windows).Midway: Testing Modules App Module:"/>
    <testcase name="should initialise model" time="0.02" classname="PhantomJS 1.7 (Windows).test Controllers mainCtrl"/>
    <testcase name="should be able to load projects" time="0.013" classname="PhantomJS 1.7 (Windows).test Controllers mainCtrl"/>
    <testcase name="should be able to add new project" time="0.009" classname="PhantomJS 1.7 (Windows).test Controllers projectCtrl - setup "/>
    <testcase name="should be able to get existing project" time="0.003" classname="PhantomJS 1.7 (Windows).test Controllers projectCtrl -- editing___"/>
    <testcase name="should be able to edit an existing project" time="0.004" classname="PhantomJS 1.7 (Windows).test Controllers projectCtrl -- editing___"/>
    <testcase name="should be able to get existing project" time="0.004" classname="PhantomJS 1.7 (Windows).test Controllers projectCtrl -- delete___"/>
    <testcase name=" should be able make a star" time="0.025" classname="PhantomJS 1.7 (Windows).directives stars"/>
    <testcase name=" should be able make a sortable table" time="0.003" classname="PhantomJS 1.7 (Windows).directives sortable"/>
    <testcase name="should replace text with strong " time="0.003" classname="PhantomJS 1.7 (Windows).filters &gt;"/>
    <testcase name=" should be able to load projects service" time="0.004" classname="PhantomJS 1.7 (Windows).Services  Projects"/>
    <testcase name=" should be able to load projects" time="0.004" classname="PhantomJS 1.7 (Windows).Services  Projects"/>
    <testcase name=" should be able to get a specifc project from projects " time="0.005" classname="PhantomJS 1.7 (Windows).Services  Projects"/>
    <testcase name=" should be able to load groups service" time="0.003" classname="PhantomJS 1.7 (Windows).Services  Groups"/>
    <testcase name=" should be able to load groups" time="0.004" classname="PhantomJS 1.7 (Windows).Services  Groups"/>
    <testcase name=" should be able to get a specifc project from projects " time="0.008" classname="PhantomJS 1.7 (Windows).Services  Groups"/>
    <testcase name=" should be able to load requirements service" time="0.003" classname="PhantomJS 1.7 (Windows).Services  Requirements"/>
    <testcase name=" should be able to load requirements" time="0.003" classname="PhantomJS 1.7 (Windows).Services  Requirements"/>
    <system-out><![CDATA[
]]></system-out>
    <system-err/>
  </testsuite>
</testsuites>
